<?xml version="1.0" encoding="UTF-8"?>
<coverage generated="1614275737517" clover="3.2.0">
  <project timestamp="1614275737517" name="All files">
    <metrics statements="14" coveredstatements="9" conditionals="4" coveredconditionals="4" methods="5" coveredmethods="2" elements="23" coveredelements="15" complexity="0" loc="14" ncloc="14" packages="1" files="2" classes="2"/>
    <file name="constants.js" path="/Users/armando/Documents/workspace/pig-latin/constants.js">
      <metrics statements="1" coveredstatements="1" conditionals="0" coveredconditionals="0" methods="0" coveredmethods="0"/>
      <line num="1" count="1" type="stmt"/>
    </file>
    <file name="pig-latin.js" path="/Users/armando/Documents/workspace/pig-latin/pig-latin.js">
      <metrics statements="13" coveredstatements="8" conditionals="4" coveredconditionals="4" methods="5" coveredmethods="2"/>
      <line num="7" count="1" type="stmt"/>
      <line num="8" count="1" type="stmt"/>
      <line num="9" count="3" type="cond" truecount="4" falsecount="0"/>
      <line num="10" count="2" type="stmt"/>
      <line num="11" count="6" type="stmt"/>
      <line num="12" count="2" type="stmt"/>
      <line num="15" count="1" type="stmt"/>
      <line num="16" count="0" type="stmt"/>
      <line num="17" count="0" type="stmt"/>
      <line num="18" count="0" type="stmt"/>
      <line num="19" count="0" type="stmt"/>
      <line num="20" count="0" type="stmt"/>
      <line num="31" count="1" type="stmt"/>
    </file>
  </project>
</coverage>
