<?xml version="1.0" encoding="UTF-8"?>
<coverage generated="1614295747863" clover="3.2.0">
  <project timestamp="1614295747863" name="All files">
    <metrics statements="17" coveredstatements="10" conditionals="4" coveredconditionals="0" methods="6" coveredmethods="2" elements="27" coveredelements="12" complexity="0" loc="17" ncloc="17" packages="2" files="3" classes="3"/>
    <package name="pig-latin">
      <metrics statements="15" coveredstatements="8" conditionals="4" coveredconditionals="0" methods="6" coveredmethods="2"/>
      <file name="constants.js" path="/Users/armando/Documents/workspace/pig-latin/constants.js">
        <metrics statements="1" coveredstatements="1" conditionals="0" coveredconditionals="0" methods="0" coveredmethods="0"/>
        <line num="1" count="1" type="stmt"/>
      </file>
      <file name="pig-latin.js" path="/Users/armando/Documents/workspace/pig-latin/pig-latin.js">
        <metrics statements="14" coveredstatements="7" conditionals="4" coveredconditionals="0" methods="6" coveredmethods="2"/>
        <line num="7" count="1" type="stmt"/>
        <line num="9" count="1" type="stmt"/>
        <line num="10" count="0" type="cond" truecount="0" falsecount="4"/>
        <line num="11" count="0" type="stmt"/>
        <line num="14" count="1" type="stmt"/>
        <line num="15" count="8" type="stmt"/>
        <line num="16" count="24" type="stmt"/>
        <line num="19" count="1" type="stmt"/>
        <line num="20" count="0" type="stmt"/>
        <line num="21" count="0" type="stmt"/>
        <line num="22" count="0" type="stmt"/>
        <line num="23" count="0" type="stmt"/>
        <line num="24" count="0" type="stmt"/>
        <line num="33" count="1" type="stmt"/>
      </file>
    </package>
    <package name="pig-latin.tests">
      <metrics statements="2" coveredstatements="2" conditionals="0" coveredconditionals="0" methods="0" coveredmethods="0"/>
      <file name="utils.js" path="/Users/armando/Documents/workspace/pig-latin/tests/utils.js">
        <metrics statements="2" coveredstatements="2" conditionals="0" coveredconditionals="0" methods="0" coveredmethods="0"/>
        <line num="1" count="1" type="stmt"/>
        <line num="10" count="1" type="stmt"/>
      </file>
    </package>
  </project>
</coverage>
