{"/Users/armando/Documents/workspace/pig-latin/constants.js": {"path":"/Users/armando/Documents/workspace/pig-latin/constants.js","statementMap":{"0":{"start":{"line":1,"column":0},"end":{"line":1,"column":50}}},"fnMap":{},"branchMap":{},"s":{"0":1},"f":{},"b":{},"_coverageSchema":"1a1c01bbd47fc00a2c39e90264f33305004495a9","hash":"8f6af44cda4cfe13d3edaf8e304ba6961b5c18d1"}
,"/Users/armando/Documents/workspace/pig-latin/pig-latin.js": {"path":"/Users/armando/Documents/workspace/pig-latin/pig-latin.js","statementMap":{"0":{"start":{"line":7,"column":27},"end":{"line":7,"column":49}},"1":{"start":{"line":8,"column":27},"end":{"line":13,"column":1}},"2":{"start":{"line":9,"column":2},"end":{"line":9,"column":81}},"3":{"start":{"line":9,"column":41},"end":{"line":9,"column":81}},"4":{"start":{"line":10,"column":24},"end":{"line":10,"column":28}},"5":{"start":{"line":11,"column":17},"end":{"line":11,"column":60}},"6":{"start":{"line":11,"column":38},"end":{"line":11,"column":59}},"7":{"start":{"line":12,"column":2},"end":{"line":12,"column":16}},"8":{"start":{"line":15,"column":22},"end":{"line":25,"column":1}},"9":{"start":{"line":16,"column":22},"end":{"line":16,"column":31}},"10":{"start":{"line":17,"column":21},"end":{"line":17,"column":83}},"11":{"start":{"line":17,"column":54},"end":{"line":17,"column":82}},"12":{"start":{"line":18,"column":24},"end":{"line":18,"column":45}},"13":{"start":{"line":19,"column":26},"end":{"line":19,"column":43}},"14":{"start":{"line":20,"column":2},"end":{"line":24,"column":4}},"15":{"start":{"line":31,"column":0},"end":{"line":35,"column":1}}},"fnMap":{"0":{"name":"(anonymous_0)","decl":{"start":{"line":8,"column":27},"end":{"line":8,"column":28}},"loc":{"start":{"line":8,"column":35},"end":{"line":13,"column":1}},"line":8},"1":{"name":"(anonymous_1)","decl":{"start":{"line":11,"column":29},"end":{"line":11,"column":30}},"loc":{"start":{"line":11,"column":38},"end":{"line":11,"column":59}},"line":11},"2":{"name":"(anonymous_2)","decl":{"start":{"line":15,"column":22},"end":{"line":15,"column":23}},"loc":{"start":{"line":15,"column":30},"end":{"line":25,"column":1}},"line":15},"3":{"name":"(anonymous_3)","decl":{"start":{"line":17,"column":40},"end":{"line":17,"column":41}},"loc":{"start":{"line":17,"column":54},"end":{"line":17,"column":82}},"line":17},"4":{"name":"pigLatin","decl":{"start":{"line":27,"column":9},"end":{"line":27,"column":17}},"loc":{"start":{"line":27,"column":24},"end":{"line":29,"column":1}},"line":27}},"branchMap":{"0":{"loc":{"start":{"line":9,"column":2},"end":{"line":9,"column":81}},"type":"if","locations":[{"start":{"line":9,"column":2},"end":{"line":9,"column":81}},{"start":{"line":9,"column":2},"end":{"line":9,"column":81}}],"line":9},"1":{"loc":{"start":{"line":9,"column":6},"end":{"line":9,"column":39}},"type":"binary-expr","locations":[{"start":{"line":9,"column":6},"end":{"line":9,"column":11}},{"start":{"line":9,"column":15},"end":{"line":9,"column":39}}],"line":9}},"s":{"0":1,"1":1,"2":3,"3":1,"4":2,"5":2,"6":6,"7":2,"8":1,"9":0,"10":0,"11":0,"12":0,"13":0,"14":0,"15":1},"f":{"0":3,"1":6,"2":0,"3":0,"4":0},"b":{"0":[1,2],"1":[3,2]},"_coverageSchema":"1a1c01bbd47fc00a2c39e90264f33305004495a9","hash":"40e201b1dfe538a2f2b740883d27586c0912b664"}
}
