{"/Users/armando/Documents/workspace/pig-latin/constants.js": {"path":"/Users/armando/Documents/workspace/pig-latin/constants.js","statementMap":{"0":{"start":{"line":1,"column":0},"end":{"line":1,"column":50}}},"fnMap":{},"branchMap":{},"s":{"0":1},"f":{},"b":{},"_coverageSchema":"1a1c01bbd47fc00a2c39e90264f33305004495a9","hash":"8f6af44cda4cfe13d3edaf8e304ba6961b5c18d1"}
,"/Users/armando/Documents/workspace/pig-latin/pig-latin.js": {"path":"/Users/armando/Documents/workspace/pig-latin/pig-latin.js","statementMap":{"0":{"start":{"line":7,"column":27},"end":{"line":7,"column":49}},"1":{"start":{"line":9,"column":18},"end":{"line":12,"column":1}},"2":{"start":{"line":10,"column":2},"end":{"line":10,"column":81}},"3":{"start":{"line":10,"column":41},"end":{"line":10,"column":81}},"4":{"start":{"line":11,"column":2},"end":{"line":11,"column":41}},"5":{"start":{"line":14,"column":27},"end":{"line":17,"column":1}},"6":{"start":{"line":15,"column":24},"end":{"line":15,"column":28}},"7":{"start":{"line":16,"column":2},"end":{"line":16,"column":53}},"8":{"start":{"line":16,"column":30},"end":{"line":16,"column":51}},"9":{"start":{"line":19,"column":22},"end":{"line":29,"column":1}},"10":{"start":{"line":20,"column":22},"end":{"line":20,"column":31}},"11":{"start":{"line":21,"column":21},"end":{"line":21,"column":83}},"12":{"start":{"line":21,"column":54},"end":{"line":21,"column":82}},"13":{"start":{"line":22,"column":24},"end":{"line":22,"column":45}},"14":{"start":{"line":23,"column":26},"end":{"line":23,"column":43}},"15":{"start":{"line":24,"column":2},"end":{"line":28,"column":4}},"16":{"start":{"line":33,"column":0},"end":{"line":38,"column":1}}},"fnMap":{"0":{"name":"(anonymous_0)","decl":{"start":{"line":9,"column":18},"end":{"line":9,"column":19}},"loc":{"start":{"line":9,"column":26},"end":{"line":12,"column":1}},"line":9},"1":{"name":"(anonymous_1)","decl":{"start":{"line":14,"column":27},"end":{"line":14,"column":28}},"loc":{"start":{"line":14,"column":35},"end":{"line":17,"column":1}},"line":14},"2":{"name":"(anonymous_2)","decl":{"start":{"line":16,"column":21},"end":{"line":16,"column":22}},"loc":{"start":{"line":16,"column":30},"end":{"line":16,"column":51}},"line":16},"3":{"name":"(anonymous_3)","decl":{"start":{"line":19,"column":22},"end":{"line":19,"column":23}},"loc":{"start":{"line":19,"column":30},"end":{"line":29,"column":1}},"line":19},"4":{"name":"(anonymous_4)","decl":{"start":{"line":21,"column":40},"end":{"line":21,"column":41}},"loc":{"start":{"line":21,"column":54},"end":{"line":21,"column":82}},"line":21},"5":{"name":"pigLatin","decl":{"start":{"line":31,"column":9},"end":{"line":31,"column":17}},"loc":{"start":{"line":31,"column":24},"end":{"line":31,"column":26}},"line":31}},"branchMap":{"0":{"loc":{"start":{"line":10,"column":2},"end":{"line":10,"column":81}},"type":"if","locations":[{"start":{"line":10,"column":2},"end":{"line":10,"column":81}},{"start":{"line":10,"column":2},"end":{"line":10,"column":81}}],"line":10},"1":{"loc":{"start":{"line":10,"column":6},"end":{"line":10,"column":39}},"type":"binary-expr","locations":[{"start":{"line":10,"column":6},"end":{"line":10,"column":11}},{"start":{"line":10,"column":15},"end":{"line":10,"column":39}}],"line":10}},"s":{"0":1,"1":1,"2":0,"3":0,"4":0,"5":1,"6":8,"7":7,"8":24,"9":1,"10":0,"11":0,"12":0,"13":0,"14":0,"15":0,"16":1},"f":{"0":0,"1":8,"2":24,"3":0,"4":0,"5":0},"b":{"0":[0,0],"1":[0,0]},"_coverageSchema":"1a1c01bbd47fc00a2c39e90264f33305004495a9","hash":"e97d6f46304c7b0a2997c2589c847b0725ed4ee3"}
,"/Users/armando/Documents/workspace/pig-latin/tests/utils.js": {"path":"/Users/armando/Documents/workspace/pig-latin/tests/utils.js","statementMap":{"0":{"start":{"line":1,"column":0},"end":{"line":8,"column":2}},"1":{"start":{"line":10,"column":0},"end":{"line":15,"column":2}}},"fnMap":{},"branchMap":{},"s":{"0":1,"1":1},"f":{},"b":{},"_coverageSchema":"1a1c01bbd47fc00a2c39e90264f33305004495a9","hash":"a9f002d06deaa7dcbeefd9392dbe7b5e9aafd16c"}
}
